2015-11-07 17:03:23,988 - ************************************************************** 
2015-11-07 17:03:23,988 - Starting Jakarta Velocity v1.4
2015-11-07 17:03:23,988 - RuntimeInstance initializing.
2015-11-07 17:03:23,988 - Default Properties File: org\apache\velocity\runtime\defaults\velocity.properties
2015-11-07 17:03:23,988 - Trying to use logger class org.apache.velocity.runtime.log.SimpleLog4JLogSystem
2015-11-07 17:03:23,988 - Using logger class org.apache.velocity.runtime.log.SimpleLog4JLogSystem
2015-11-07 17:03:24,004 - Default ResourceManager initializing. (class org.apache.velocity.runtime.resource.ResourceManagerImpl)
2015-11-07 17:03:24,004 - Resource Loader Instantiated: org.apache.velocity.runtime.resource.loader.ClasspathResourceLoader
2015-11-07 17:03:24,004 - ClasspathResourceLoader : initialization starting.
2015-11-07 17:03:24,004 - ClasspathResourceLoader : initialization complete.
2015-11-07 17:03:24,004 - ResourceCache : initialized. (class org.apache.velocity.runtime.resource.ResourceCacheImpl)
2015-11-07 17:03:24,004 - Default ResourceManager initialization complete.
2015-11-07 17:03:24,019 - Loaded System Directive: org.apache.velocity.runtime.directive.Literal
2015-11-07 17:03:24,019 - Loaded System Directive: org.apache.velocity.runtime.directive.Macro
2015-11-07 17:03:24,019 - Loaded System Directive: org.apache.velocity.runtime.directive.Parse
2015-11-07 17:03:24,019 - Loaded System Directive: org.apache.velocity.runtime.directive.Include
2015-11-07 17:03:24,019 - Loaded System Directive: org.apache.velocity.runtime.directive.Foreach
2015-11-07 17:03:24,050 - Created: 20 parsers.
2015-11-07 17:03:24,066 - Velocimacro : initialization starting.
2015-11-07 17:03:24,066 - Velocimacro : adding VMs from VM library template : VM_global_library.vm
2015-11-07 17:03:24,082 - ResourceManager : unable to find resource 'VM_global_library.vm' in any resource loader.
2015-11-07 17:03:24,082 - Velocimacro : error using  VM library template VM_global_library.vm : org.apache.velocity.exception.ResourceNotFoundException: Unable to find resource 'VM_global_library.vm'
2015-11-07 17:03:24,082 - Velocimacro :  VM library template macro registration complete.
2015-11-07 17:03:24,082 - Velocimacro : allowInline = true : VMs can be defined inline in templates
2015-11-07 17:03:24,082 - Velocimacro : allowInlineToOverride = false : VMs defined inline may NOT replace previous VM definitions
2015-11-07 17:03:24,082 - Velocimacro : allowInlineLocal = false : VMs defined inline will be  global in scope if allowed.
2015-11-07 17:03:24,082 - Velocimacro : messages on  : VM system will output logging messages
2015-11-07 17:03:24,082 - Velocimacro : autoload off  : VM system will not automatically reload global library macros
2015-11-07 17:03:24,082 - Velocimacro : initialization complete.
2015-11-07 17:03:24,082 - Velocity successfully started.
2015-11-07 17:05:36,686 - SimpleLog4JLogSystem initialized using logfile 'velocity.log'
2015-11-07 17:05:36,687 - ************************************************************** 
2015-11-07 17:05:36,687 - Starting Jakarta Velocity v1.4
2015-11-07 17:05:36,687 - RuntimeInstance initializing.
2015-11-07 17:05:36,687 - Default Properties File: org\apache\velocity\runtime\defaults\velocity.properties
2015-11-07 17:05:36,687 - Trying to use logger class org.apache.velocity.runtime.log.SimpleLog4JLogSystem
2015-11-07 17:05:36,687 - Using logger class org.apache.velocity.runtime.log.SimpleLog4JLogSystem
2015-11-07 17:05:36,691 - Default ResourceManager initializing. (class org.apache.velocity.runtime.resource.ResourceManagerImpl)
2015-11-07 17:05:36,695 - Resource Loader Instantiated: org.apache.velocity.runtime.resource.loader.ClasspathResourceLoader
2015-11-07 17:05:36,695 - ClasspathResourceLoader : initialization starting.
2015-11-07 17:05:36,695 - ClasspathResourceLoader : initialization complete.
2015-11-07 17:05:36,697 - ResourceCache : initialized. (class org.apache.velocity.runtime.resource.ResourceCacheImpl)
2015-11-07 17:05:36,697 - Default ResourceManager initialization complete.
2015-11-07 17:05:36,702 - Loaded System Directive: org.apache.velocity.runtime.directive.Literal
2015-11-07 17:05:36,704 - Loaded System Directive: org.apache.velocity.runtime.directive.Macro
2015-11-07 17:05:36,707 - Loaded System Directive: org.apache.velocity.runtime.directive.Parse
2015-11-07 17:05:36,709 - Loaded System Directive: org.apache.velocity.runtime.directive.Include
2015-11-07 17:05:36,711 - Loaded System Directive: org.apache.velocity.runtime.directive.Foreach
2015-11-07 17:05:36,743 - Created: 20 parsers.
2015-11-07 17:05:36,756 - Velocimacro : initialization starting.
2015-11-07 17:05:36,756 - Velocimacro : adding VMs from VM library template : VM_global_library.vm
2015-11-07 17:05:36,775 - ResourceManager : unable to find resource 'VM_global_library.vm' in any resource loader.
2015-11-07 17:05:36,776 - Velocimacro : error using  VM library template VM_global_library.vm : org.apache.velocity.exception.ResourceNotFoundException: Unable to find resource 'VM_global_library.vm'
2015-11-07 17:05:36,776 - Velocimacro :  VM library template macro registration complete.
2015-11-07 17:05:36,776 - Velocimacro : allowInline = true : VMs can be defined inline in templates
2015-11-07 17:05:36,776 - Velocimacro : allowInlineToOverride = false : VMs defined inline may NOT replace previous VM definitions
2015-11-07 17:05:36,776 - Velocimacro : allowInlineLocal = false : VMs defined inline will be  global in scope if allowed.
2015-11-07 17:05:36,776 - Velocimacro : messages on  : VM system will output logging messages
2015-11-07 17:05:36,776 - Velocimacro : autoload off  : VM system will not automatically reload global library macros
2015-11-07 17:05:36,776 - Velocimacro : initialization complete.
2015-11-07 17:05:36,776 - Velocity successfully started.
2015-11-07 17:09:00,810 - SimpleLog4JLogSystem initialized using logfile 'velocity.log'
2015-11-07 17:09:00,810 - ************************************************************** 
2015-11-07 17:09:00,810 - Starting Jakarta Velocity v1.4
2015-11-07 17:09:00,810 - RuntimeInstance initializing.
2015-11-07 17:09:00,810 - Default Properties File: org\apache\velocity\runtime\defaults\velocity.properties
2015-11-07 17:09:00,810 - Trying to use logger class org.apache.velocity.runtime.log.SimpleLog4JLogSystem
2015-11-07 17:09:00,810 - Using logger class org.apache.velocity.runtime.log.SimpleLog4JLogSystem
2015-11-07 17:09:00,810 - Default ResourceManager initializing. (class org.apache.velocity.runtime.resource.ResourceManagerImpl)
2015-11-07 17:09:00,810 - Resource Loader Instantiated: org.apache.velocity.runtime.resource.loader.ClasspathResourceLoader
2015-11-07 17:09:00,810 - ClasspathResourceLoader : initialization starting.
2015-11-07 17:09:00,810 - ClasspathResourceLoader : initialization complete.
2015-11-07 17:09:00,825 - ResourceCache : initialized. (class org.apache.velocity.runtime.resource.ResourceCacheImpl)
2015-11-07 17:09:00,825 - Default ResourceManager initialization complete.
2015-11-07 17:09:00,825 - Loaded System Directive: org.apache.velocity.runtime.directive.Literal
2015-11-07 17:09:00,825 - Loaded System Directive: org.apache.velocity.runtime.directive.Macro
2015-11-07 17:09:00,841 - Loaded System Directive: org.apache.velocity.runtime.directive.Parse
2015-11-07 17:09:00,841 - Loaded System Directive: org.apache.velocity.runtime.directive.Include
2015-11-07 17:09:00,841 - Loaded System Directive: org.apache.velocity.runtime.directive.Foreach
2015-11-07 17:09:00,872 - Created: 20 parsers.
2015-11-07 17:09:00,888 - Velocimacro : initialization starting.
2015-11-07 17:09:00,888 - Velocimacro : adding VMs from VM library template : VM_global_library.vm
2015-11-07 17:09:00,904 - ResourceManager : unable to find resource 'VM_global_library.vm' in any resource loader.
2015-11-07 17:09:00,904 - Velocimacro : error using  VM library template VM_global_library.vm : org.apache.velocity.exception.ResourceNotFoundException: Unable to find resource 'VM_global_library.vm'
2015-11-07 17:09:00,904 - Velocimacro :  VM library template macro registration complete.
2015-11-07 17:09:00,904 - Velocimacro : allowInline = true : VMs can be defined inline in templates
2015-11-07 17:09:00,904 - Velocimacro : allowInlineToOverride = false : VMs defined inline may NOT replace previous VM definitions
2015-11-07 17:09:00,904 - Velocimacro : allowInlineLocal = false : VMs defined inline will be  global in scope if allowed.
2015-11-07 17:09:00,904 - Velocimacro : messages on  : VM system will output logging messages
2015-11-07 17:09:00,904 - Velocimacro : autoload off  : VM system will not automatically reload global library macros
2015-11-07 17:09:00,904 - Velocimacro : initialization complete.
2015-11-07 17:09:00,904 - Velocity successfully started.
2015-11-07 17:09:44,219 - SimpleLog4JLogSystem initialized using logfile 'velocity.log'
2015-11-07 17:09:44,219 - ************************************************************** 
2015-11-07 17:09:44,219 - Starting Jakarta Velocity v1.4
2015-11-07 17:09:44,219 - RuntimeInstance initializing.
2015-11-07 17:09:44,219 - Default Properties File: org\apache\velocity\runtime\defaults\velocity.properties
2015-11-07 17:09:44,219 - Trying to use logger class org.apache.velocity.runtime.log.SimpleLog4JLogSystem
2015-11-07 17:09:44,219 - Using logger class org.apache.velocity.runtime.log.SimpleLog4JLogSystem
2015-11-07 17:09:44,223 - Default ResourceManager initializing. (class org.apache.velocity.runtime.resource.ResourceManagerImpl)
2015-11-07 17:09:44,227 - Resource Loader Instantiated: org.apache.velocity.runtime.resource.loader.ClasspathResourceLoader
2015-11-07 17:09:44,227 - ClasspathResourceLoader : initialization starting.
2015-11-07 17:09:44,227 - ClasspathResourceLoader : initialization complete.
2015-11-07 17:09:44,229 - ResourceCache : initialized. (class org.apache.velocity.runtime.resource.ResourceCacheImpl)
2015-11-07 17:09:44,229 - Default ResourceManager initialization complete.
2015-11-07 17:09:44,234 - Loaded System Directive: org.apache.velocity.runtime.directive.Literal
2015-11-07 17:09:44,238 - Loaded System Directive: org.apache.velocity.runtime.directive.Macro
2015-11-07 17:09:44,239 - Loaded System Directive: org.apache.velocity.runtime.directive.Parse
2015-11-07 17:09:44,239 - Loaded System Directive: org.apache.velocity.runtime.directive.Include
2015-11-07 17:09:44,239 - Loaded System Directive: org.apache.velocity.runtime.directive.Foreach
2015-11-07 17:09:44,270 - Created: 20 parsers.
2015-11-07 17:09:44,270 - Velocimacro : initialization starting.
2015-11-07 17:09:44,270 - Velocimacro : adding VMs from VM library template : VM_global_library.vm
2015-11-07 17:09:44,301 - ResourceManager : unable to find resource 'VM_global_library.vm' in any resource loader.
2015-11-07 17:09:44,301 - Velocimacro : error using  VM library template VM_global_library.vm : org.apache.velocity.exception.ResourceNotFoundException: Unable to find resource 'VM_global_library.vm'
2015-11-07 17:09:44,301 - Velocimacro :  VM library template macro registration complete.
2015-11-07 17:09:44,301 - Velocimacro : allowInline = true : VMs can be defined inline in templates
2015-11-07 17:09:44,301 - Velocimacro : allowInlineToOverride = false : VMs defined inline may NOT replace previous VM definitions
2015-11-07 17:09:44,301 - Velocimacro : allowInlineLocal = false : VMs defined inline will be  global in scope if allowed.
2015-11-07 17:09:44,301 - Velocimacro : messages on  : VM system will output logging messages
2015-11-07 17:09:44,301 - Velocimacro : autoload off  : VM system will not automatically reload global library macros
2015-11-07 17:09:44,301 - Velocimacro : initialization complete.
2015-11-07 17:09:44,301 - Velocity successfully started.
2015-11-08 11:14:22,930 - SimpleLog4JLogSystem initialized using logfile 'velocity.log'
2015-11-08 11:14:22,930 - ************************************************************** 
2015-11-08 11:14:22,930 - Starting Jakarta Velocity v1.4
2015-11-08 11:14:22,930 - RuntimeInstance initializing.
2015-11-08 11:14:22,930 - Default Properties File: org\apache\velocity\runtime\defaults\velocity.properties
2015-11-08 11:14:22,930 - Trying to use logger class org.apache.velocity.runtime.log.SimpleLog4JLogSystem
2015-11-08 11:14:22,930 - Using logger class org.apache.velocity.runtime.log.SimpleLog4JLogSystem
2015-11-08 11:14:22,930 - Default ResourceManager initializing. (class org.apache.velocity.runtime.resource.ResourceManagerImpl)
2015-11-08 11:14:22,945 - Resource Loader Instantiated: org.apache.velocity.runtime.resource.loader.ClasspathResourceLoader
2015-11-08 11:14:22,945 - ClasspathResourceLoader : initialization starting.
2015-11-08 11:14:22,945 - ClasspathResourceLoader : initialization complete.
2015-11-08 11:14:22,945 - ResourceCache : initialized. (class org.apache.velocity.runtime.resource.ResourceCacheImpl)
2015-11-08 11:14:22,945 - Default ResourceManager initialization complete.
2015-11-08 11:14:22,945 - Loaded System Directive: org.apache.velocity.runtime.directive.Literal
2015-11-08 11:14:22,945 - Loaded System Directive: org.apache.velocity.runtime.directive.Macro
2015-11-08 11:14:22,945 - Loaded System Directive: org.apache.velocity.runtime.directive.Parse
2015-11-08 11:14:22,961 - Loaded System Directive: org.apache.velocity.runtime.directive.Include
2015-11-08 11:14:22,961 - Loaded System Directive: org.apache.velocity.runtime.directive.Foreach
2015-11-08 11:14:22,992 - Created: 20 parsers.
2015-11-08 11:14:22,992 - Velocimacro : initialization starting.
2015-11-08 11:14:22,992 - Velocimacro : adding VMs from VM library template : VM_global_library.vm
2015-11-08 11:14:23,023 - ResourceManager : unable to find resource 'VM_global_library.vm' in any resource loader.
2015-11-08 11:14:23,023 - Velocimacro : error using  VM library template VM_global_library.vm : org.apache.velocity.exception.ResourceNotFoundException: Unable to find resource 'VM_global_library.vm'
2015-11-08 11:14:23,023 - Velocimacro :  VM library template macro registration complete.
2015-11-08 11:14:23,023 - Velocimacro : allowInline = true : VMs can be defined inline in templates
2015-11-08 11:14:23,023 - Velocimacro : allowInlineToOverride = false : VMs defined inline may NOT replace previous VM definitions
2015-11-08 11:14:23,023 - Velocimacro : allowInlineLocal = false : VMs defined inline will be  global in scope if allowed.
2015-11-08 11:14:23,023 - Velocimacro : messages on  : VM system will output logging messages
2015-11-08 11:14:23,023 - Velocimacro : autoload off  : VM system will not automatically reload global library macros
2015-11-08 11:14:23,023 - Velocimacro : initialization complete.
2015-11-08 11:14:23,023 - Velocity successfully started.
2015-11-08 11:34:22,184 - SimpleLog4JLogSystem initialized using logfile 'velocity.log'
2015-11-08 11:34:22,184 - ************************************************************** 
2015-11-08 11:34:22,184 - Starting Jakarta Velocity v1.4
2015-11-08 11:34:22,184 - RuntimeInstance initializing.
2015-11-08 11:34:22,184 - Default Properties File: org\apache\velocity\runtime\defaults\velocity.properties
2015-11-08 11:34:22,184 - Trying to use logger class org.apache.velocity.runtime.log.SimpleLog4JLogSystem
2015-11-08 11:34:22,184 - Using logger class org.apache.velocity.runtime.log.SimpleLog4JLogSystem
2015-11-08 11:34:22,199 - Default ResourceManager initializing. (class org.apache.velocity.runtime.resource.ResourceManagerImpl)
2015-11-08 11:34:22,199 - Resource Loader Instantiated: org.apache.velocity.runtime.resource.loader.ClasspathResourceLoader
2015-11-08 11:34:22,199 - ClasspathResourceLoader : initialization starting.
2015-11-08 11:34:22,199 - ClasspathResourceLoader : initialization complete.
2015-11-08 11:34:22,199 - ResourceCache : initialized. (class org.apache.velocity.runtime.resource.ResourceCacheImpl)
2015-11-08 11:34:22,199 - Default ResourceManager initialization complete.
2015-11-08 11:34:22,199 - Loaded System Directive: org.apache.velocity.runtime.directive.Literal
2015-11-08 11:34:22,199 - Loaded System Directive: org.apache.velocity.runtime.directive.Macro
2015-11-08 11:34:22,199 - Loaded System Directive: org.apache.velocity.runtime.directive.Parse
2015-11-08 11:34:22,215 - Loaded System Directive: org.apache.velocity.runtime.directive.Include
2015-11-08 11:34:22,215 - Loaded System Directive: org.apache.velocity.runtime.directive.Foreach
2015-11-08 11:34:22,230 - Created: 20 parsers.
2015-11-08 11:34:22,246 - Velocimacro : initialization starting.
2015-11-08 11:34:22,246 - Velocimacro : adding VMs from VM library template : VM_global_library.vm
2015-11-08 11:34:22,275 - ResourceManager : unable to find resource 'VM_global_library.vm' in any resource loader.
2015-11-08 11:34:22,275 - Velocimacro : error using  VM library template VM_global_library.vm : org.apache.velocity.exception.ResourceNotFoundException: Unable to find resource 'VM_global_library.vm'
2015-11-08 11:34:22,275 - Velocimacro :  VM library template macro registration complete.
2015-11-08 11:34:22,275 - Velocimacro : allowInline = true : VMs can be defined inline in templates
2015-11-08 11:34:22,275 - Velocimacro : allowInlineToOverride = false : VMs defined inline may NOT replace previous VM definitions
2015-11-08 11:34:22,275 - Velocimacro : allowInlineLocal = false : VMs defined inline will be  global in scope if allowed.
2015-11-08 11:34:22,275 - Velocimacro : messages on  : VM system will output logging messages
2015-11-08 11:34:22,275 - Velocimacro : autoload off  : VM system will not automatically reload global library macros
2015-11-08 11:34:22,275 - Velocimacro : initialization complete.
2015-11-08 11:34:22,275 - Velocity successfully started.
2015-11-08 11:37:24,272 - SimpleLog4JLogSystem initialized using logfile 'velocity.log'
2015-11-08 11:37:24,272 - ************************************************************** 
2015-11-08 11:37:24,272 - Starting Jakarta Velocity v1.4
2015-11-08 11:37:24,272 - RuntimeInstance initializing.
2015-11-08 11:37:24,272 - Default Properties File: org\apache\velocity\runtime\defaults\velocity.properties
2015-11-08 11:37:24,272 - Trying to use logger class org.apache.velocity.runtime.log.SimpleLog4JLogSystem
2015-11-08 11:37:24,272 - Using logger class org.apache.velocity.runtime.log.SimpleLog4JLogSystem
2015-11-08 11:37:24,272 - Default ResourceManager initializing. (class org.apache.velocity.runtime.resource.ResourceManagerImpl)
2015-11-08 11:37:24,288 - Resource Loader Instantiated: org.apache.velocity.runtime.resource.loader.ClasspathResourceLoader
2015-11-08 11:37:24,288 - ClasspathResourceLoader : initialization starting.
2015-11-08 11:37:24,288 - ClasspathResourceLoader : initialization complete.
2015-11-08 11:37:24,288 - ResourceCache : initialized. (class org.apache.velocity.runtime.resource.ResourceCacheImpl)
2015-11-08 11:37:24,288 - Default ResourceManager initialization complete.
2015-11-08 11:37:24,288 - Loaded System Directive: org.apache.velocity.runtime.directive.Literal
2015-11-08 11:37:24,288 - Loaded System Directive: org.apache.velocity.runtime.directive.Macro
2015-11-08 11:37:24,303 - Loaded System Directive: org.apache.velocity.runtime.directive.Parse
2015-11-08 11:37:24,303 - Loaded System Directive: org.apache.velocity.runtime.directive.Include
2015-11-08 11:37:24,303 - Loaded System Directive: org.apache.velocity.runtime.directive.Foreach
2015-11-08 11:37:24,350 - Created: 20 parsers.
2015-11-08 11:37:24,350 - Velocimacro : initialization starting.
2015-11-08 11:37:24,350 - Velocimacro : adding VMs from VM library template : VM_global_library.vm
2015-11-08 11:37:24,386 - ResourceManager : unable to find resource 'VM_global_library.vm' in any resource loader.
2015-11-08 11:37:24,386 - Velocimacro : error using  VM library template VM_global_library.vm : org.apache.velocity.exception.ResourceNotFoundException: Unable to find resource 'VM_global_library.vm'
2015-11-08 11:37:24,386 - Velocimacro :  VM library template macro registration complete.
2015-11-08 11:37:24,386 - Velocimacro : allowInline = true : VMs can be defined inline in templates
2015-11-08 11:37:24,386 - Velocimacro : allowInlineToOverride = false : VMs defined inline may NOT replace previous VM definitions
2015-11-08 11:37:24,386 - Velocimacro : allowInlineLocal = false : VMs defined inline will be  global in scope if allowed.
2015-11-08 11:37:24,387 - Velocimacro : messages on  : VM system will output logging messages
2015-11-08 11:37:24,387 - Velocimacro : autoload off  : VM system will not automatically reload global library macros
2015-11-08 11:37:24,387 - Velocimacro : initialization complete.
2015-11-08 11:37:24,387 - Velocity successfully started.
2015-11-08 11:40:19,012 - SimpleLog4JLogSystem initialized using logfile 'velocity.log'
2015-11-08 11:40:19,012 - ************************************************************** 
2015-11-08 11:40:19,012 - Starting Jakarta Velocity v1.4
2015-11-08 11:40:19,012 - RuntimeInstance initializing.
2015-11-08 11:40:19,012 - Default Properties File: org\apache\velocity\runtime\defaults\velocity.properties
2015-11-08 11:40:19,012 - Trying to use logger class org.apache.velocity.runtime.log.SimpleLog4JLogSystem
2015-11-08 11:40:19,012 - Using logger class org.apache.velocity.runtime.log.SimpleLog4JLogSystem
2015-11-08 11:40:19,012 - Default ResourceManager initializing. (class org.apache.velocity.runtime.resource.ResourceManagerImpl)
2015-11-08 11:40:19,028 - Resource Loader Instantiated: org.apache.velocity.runtime.resource.loader.ClasspathResourceLoader
2015-11-08 11:40:19,028 - ClasspathResourceLoader : initialization starting.
2015-11-08 11:40:19,028 - ClasspathResourceLoader : initialization complete.
2015-11-08 11:40:19,028 - ResourceCache : initialized. (class org.apache.velocity.runtime.resource.ResourceCacheImpl)
2015-11-08 11:40:19,028 - Default ResourceManager initialization complete.
2015-11-08 11:40:19,028 - Loaded System Directive: org.apache.velocity.runtime.directive.Literal
2015-11-08 11:40:19,028 - Loaded System Directive: org.apache.velocity.runtime.directive.Macro
2015-11-08 11:40:19,028 - Loaded System Directive: org.apache.velocity.runtime.directive.Parse
2015-11-08 11:40:19,028 - Loaded System Directive: org.apache.velocity.runtime.directive.Include
2015-11-08 11:40:19,043 - Loaded System Directive: org.apache.velocity.runtime.directive.Foreach
2015-11-08 11:40:19,059 - Created: 20 parsers.
2015-11-08 11:40:19,075 - Velocimacro : initialization starting.
2015-11-08 11:40:19,075 - Velocimacro : adding VMs from VM library template : VM_global_library.vm
2015-11-08 11:40:19,090 - ResourceManager : unable to find resource 'VM_global_library.vm' in any resource loader.
2015-11-08 11:40:19,090 - Velocimacro : error using  VM library template VM_global_library.vm : org.apache.velocity.exception.ResourceNotFoundException: Unable to find resource 'VM_global_library.vm'
2015-11-08 11:40:19,090 - Velocimacro :  VM library template macro registration complete.
2015-11-08 11:40:19,090 - Velocimacro : allowInline = true : VMs can be defined inline in templates
2015-11-08 11:40:19,090 - Velocimacro : allowInlineToOverride = false : VMs defined inline may NOT replace previous VM definitions
2015-11-08 11:40:19,090 - Velocimacro : allowInlineLocal = false : VMs defined inline will be  global in scope if allowed.
2015-11-08 11:40:19,090 - Velocimacro : messages on  : VM system will output logging messages
2015-11-08 11:40:19,090 - Velocimacro : autoload off  : VM system will not automatically reload global library macros
2015-11-08 11:40:19,090 - Velocimacro : initialization complete.
2015-11-08 11:40:19,090 - Velocity successfully started.
2015-11-08 11:42:10,191 - SimpleLog4JLogSystem initialized using logfile 'velocity.log'
2015-11-08 11:42:10,191 - ************************************************************** 
2015-11-08 11:42:10,191 - Starting Jakarta Velocity v1.4
2015-11-08 11:42:10,191 - RuntimeInstance initializing.
2015-11-08 11:42:10,191 - Default Properties File: org\apache\velocity\runtime\defaults\velocity.properties
2015-11-08 11:42:10,191 - Trying to use logger class org.apache.velocity.runtime.log.SimpleLog4JLogSystem
2015-11-08 11:42:10,191 - Using logger class org.apache.velocity.runtime.log.SimpleLog4JLogSystem
2015-11-08 11:42:10,191 - Default ResourceManager initializing. (class org.apache.velocity.runtime.resource.ResourceManagerImpl)
2015-11-08 11:42:10,207 - Resource Loader Instantiated: org.apache.velocity.runtime.resource.loader.ClasspathResourceLoader
2015-11-08 11:42:10,207 - ClasspathResourceLoader : initialization starting.
2015-11-08 11:42:10,207 - ClasspathResourceLoader : initialization complete.
2015-11-08 11:42:10,207 - ResourceCache : initialized. (class org.apache.velocity.runtime.resource.ResourceCacheImpl)
2015-11-08 11:42:10,207 - Default ResourceManager initialization complete.
2015-11-08 11:42:10,207 - Loaded System Directive: org.apache.velocity.runtime.directive.Literal
2015-11-08 11:42:10,207 - Loaded System Directive: org.apache.velocity.runtime.directive.Macro
2015-11-08 11:42:10,207 - Loaded System Directive: org.apache.velocity.runtime.directive.Parse
2015-11-08 11:42:10,207 - Loaded System Directive: org.apache.velocity.runtime.directive.Include
2015-11-08 11:42:10,207 - Loaded System Directive: org.apache.velocity.runtime.directive.Foreach
2015-11-08 11:42:10,238 - Created: 20 parsers.
2015-11-08 11:42:10,263 - Velocimacro : initialization starting.
2015-11-08 11:42:10,263 - Velocimacro : adding VMs from VM library template : VM_global_library.vm
2015-11-08 11:42:10,283 - ResourceManager : unable to find resource 'VM_global_library.vm' in any resource loader.
2015-11-08 11:42:10,283 - Velocimacro : error using  VM library template VM_global_library.vm : org.apache.velocity.exception.ResourceNotFoundException: Unable to find resource 'VM_global_library.vm'
2015-11-08 11:42:10,283 - Velocimacro :  VM library template macro registration complete.
2015-11-08 11:42:10,283 - Velocimacro : allowInline = true : VMs can be defined inline in templates
2015-11-08 11:42:10,283 - Velocimacro : allowInlineToOverride = false : VMs defined inline may NOT replace previous VM definitions
2015-11-08 11:42:10,283 - Velocimacro : allowInlineLocal = false : VMs defined inline will be  global in scope if allowed.
2015-11-08 11:42:10,284 - Velocimacro : messages on  : VM system will output logging messages
2015-11-08 11:42:10,284 - Velocimacro : autoload off  : VM system will not automatically reload global library macros
2015-11-08 11:42:10,284 - Velocimacro : initialization complete.
2015-11-08 11:42:10,284 - Velocity successfully started.
2015-11-08 11:43:11,728 - SimpleLog4JLogSystem initialized using logfile 'velocity.log'
2015-11-08 11:43:11,728 - ************************************************************** 
2015-11-08 11:43:11,728 - Starting Jakarta Velocity v1.4
2015-11-08 11:43:11,728 - RuntimeInstance initializing.
2015-11-08 11:43:11,728 - Default Properties File: org\apache\velocity\runtime\defaults\velocity.properties
2015-11-08 11:43:11,728 - Trying to use logger class org.apache.velocity.runtime.log.SimpleLog4JLogSystem
2015-11-08 11:43:11,728 - Using logger class org.apache.velocity.runtime.log.SimpleLog4JLogSystem
2015-11-08 11:43:11,728 - Default ResourceManager initializing. (class org.apache.velocity.runtime.resource.ResourceManagerImpl)
2015-11-08 11:43:11,728 - Resource Loader Instantiated: org.apache.velocity.runtime.resource.loader.ClasspathResourceLoader
2015-11-08 11:43:11,728 - ClasspathResourceLoader : initialization starting.
2015-11-08 11:43:11,728 - ClasspathResourceLoader : initialization complete.
2015-11-08 11:43:11,743 - ResourceCache : initialized. (class org.apache.velocity.runtime.resource.ResourceCacheImpl)
2015-11-08 11:43:11,743 - Default ResourceManager initialization complete.
2015-11-08 11:43:11,743 - Loaded System Directive: org.apache.velocity.runtime.directive.Literal
2015-11-08 11:43:11,743 - Loaded System Directive: org.apache.velocity.runtime.directive.Macro
2015-11-08 11:43:11,743 - Loaded System Directive: org.apache.velocity.runtime.directive.Parse
2015-11-08 11:43:11,743 - Loaded System Directive: org.apache.velocity.runtime.directive.Include
2015-11-08 11:43:11,743 - Loaded System Directive: org.apache.velocity.runtime.directive.Foreach
2015-11-08 11:43:11,775 - Created: 20 parsers.
2015-11-08 11:43:11,790 - Velocimacro : initialization starting.
2015-11-08 11:43:11,790 - Velocimacro : adding VMs from VM library template : VM_global_library.vm
2015-11-08 11:43:11,806 - ResourceManager : unable to find resource 'VM_global_library.vm' in any resource loader.
2015-11-08 11:43:11,806 - Velocimacro : error using  VM library template VM_global_library.vm : org.apache.velocity.exception.ResourceNotFoundException: Unable to find resource 'VM_global_library.vm'
2015-11-08 11:43:11,806 - Velocimacro :  VM library template macro registration complete.
2015-11-08 11:43:11,806 - Velocimacro : allowInline = true : VMs can be defined inline in templates
2015-11-08 11:43:11,806 - Velocimacro : allowInlineToOverride = false : VMs defined inline may NOT replace previous VM definitions
2015-11-08 11:43:11,806 - Velocimacro : allowInlineLocal = false : VMs defined inline will be  global in scope if allowed.
2015-11-08 11:43:11,806 - Velocimacro : messages on  : VM system will output logging messages
2015-11-08 11:43:11,806 - Velocimacro : autoload off  : VM system will not automatically reload global library macros
2015-11-08 11:43:11,806 - Velocimacro : initialization complete.
2015-11-08 11:43:11,806 - Velocity successfully started.
2015-11-08 11:44:48,708 - SimpleLog4JLogSystem initialized using logfile 'velocity.log'
2015-11-08 11:44:48,708 - ************************************************************** 
2015-11-08 11:44:48,708 - Starting Jakarta Velocity v1.4
2015-11-08 11:44:48,708 - RuntimeInstance initializing.
2015-11-08 11:44:48,708 - Default Properties File: org\apache\velocity\runtime\defaults\velocity.properties
2015-11-08 11:44:48,708 - Trying to use logger class org.apache.velocity.runtime.log.SimpleLog4JLogSystem
2015-11-08 11:44:48,708 - Using logger class org.apache.velocity.runtime.log.SimpleLog4JLogSystem
2015-11-08 11:44:48,712 - Default ResourceManager initializing. (class org.apache.velocity.runtime.resource.ResourceManagerImpl)
2015-11-08 11:44:48,716 - Resource Loader Instantiated: org.apache.velocity.runtime.resource.loader.ClasspathResourceLoader
2015-11-08 11:44:48,716 - ClasspathResourceLoader : initialization starting.
2015-11-08 11:44:48,716 - ClasspathResourceLoader : initialization complete.
2015-11-08 11:44:48,718 - ResourceCache : initialized. (class org.apache.velocity.runtime.resource.ResourceCacheImpl)
2015-11-08 11:44:48,718 - Default ResourceManager initialization complete.
2015-11-08 11:44:48,723 - Loaded System Directive: org.apache.velocity.runtime.directive.Literal
2015-11-08 11:44:48,725 - Loaded System Directive: org.apache.velocity.runtime.directive.Macro
2015-11-08 11:44:48,728 - Loaded System Directive: org.apache.velocity.runtime.directive.Parse
2015-11-08 11:44:48,729 - Loaded System Directive: org.apache.velocity.runtime.directive.Include
2015-11-08 11:44:48,729 - Loaded System Directive: org.apache.velocity.runtime.directive.Foreach
2015-11-08 11:44:48,771 - Created: 20 parsers.
2015-11-08 11:44:48,780 - Velocimacro : initialization starting.
2015-11-08 11:44:48,781 - Velocimacro : adding VMs from VM library template : VM_global_library.vm
2015-11-08 11:44:48,798 - ResourceManager : unable to find resource 'VM_global_library.vm' in any resource loader.
2015-11-08 11:44:48,798 - Velocimacro : error using  VM library template VM_global_library.vm : org.apache.velocity.exception.ResourceNotFoundException: Unable to find resource 'VM_global_library.vm'
2015-11-08 11:44:48,798 - Velocimacro :  VM library template macro registration complete.
2015-11-08 11:44:48,798 - Velocimacro : allowInline = true : VMs can be defined inline in templates
2015-11-08 11:44:48,798 - Velocimacro : allowInlineToOverride = false : VMs defined inline may NOT replace previous VM definitions
2015-11-08 11:44:48,798 - Velocimacro : allowInlineLocal = false : VMs defined inline will be  global in scope if allowed.
2015-11-08 11:44:48,798 - Velocimacro : messages on  : VM system will output logging messages
2015-11-08 11:44:48,798 - Velocimacro : autoload off  : VM system will not automatically reload global library macros
2015-11-08 11:44:48,798 - Velocimacro : initialization complete.
2015-11-08 11:44:48,798 - Velocity successfully started.
2015-11-08 11:46:36,638 - SimpleLog4JLogSystem initialized using logfile 'velocity.log'
2015-11-08 11:46:36,638 - ************************************************************** 
2015-11-08 11:46:36,638 - Starting Jakarta Velocity v1.4
2015-11-08 11:46:36,639 - RuntimeInstance initializing.
2015-11-08 11:46:36,639 - Default Properties File: org\apache\velocity\runtime\defaults\velocity.properties
2015-11-08 11:46:36,639 - Trying to use logger class org.apache.velocity.runtime.log.SimpleLog4JLogSystem
2015-11-08 11:46:36,639 - Using logger class org.apache.velocity.runtime.log.SimpleLog4JLogSystem
2015-11-08 11:46:36,645 - Default ResourceManager initializing. (class org.apache.velocity.runtime.resource.ResourceManagerImpl)
2015-11-08 11:46:36,649 - Resource Loader Instantiated: org.apache.velocity.runtime.resource.loader.ClasspathResourceLoader
2015-11-08 11:46:36,650 - ClasspathResourceLoader : initialization starting.
2015-11-08 11:46:36,650 - ClasspathResourceLoader : initialization complete.
2015-11-08 11:46:36,652 - ResourceCache : initialized. (class org.apache.velocity.runtime.resource.ResourceCacheImpl)
2015-11-08 11:46:36,652 - Default ResourceManager initialization complete.
2015-11-08 11:46:36,659 - Loaded System Directive: org.apache.velocity.runtime.directive.Literal
2015-11-08 11:46:36,663 - Loaded System Directive: org.apache.velocity.runtime.directive.Macro
2015-11-08 11:46:36,668 - Loaded System Directive: org.apache.velocity.runtime.directive.Parse
2015-11-08 11:46:36,671 - Loaded System Directive: org.apache.velocity.runtime.directive.Include
2015-11-08 11:46:36,673 - Loaded System Directive: org.apache.velocity.runtime.directive.Foreach
2015-11-08 11:46:36,717 - Created: 20 parsers.
2015-11-08 11:46:36,732 - Velocimacro : initialization starting.
2015-11-08 11:46:36,732 - Velocimacro : adding VMs from VM library template : VM_global_library.vm
2015-11-08 11:46:36,756 - ResourceManager : unable to find resource 'VM_global_library.vm' in any resource loader.
2015-11-08 11:46:36,756 - Velocimacro : error using  VM library template VM_global_library.vm : org.apache.velocity.exception.ResourceNotFoundException: Unable to find resource 'VM_global_library.vm'
2015-11-08 11:46:36,756 - Velocimacro :  VM library template macro registration complete.
2015-11-08 11:46:36,756 - Velocimacro : allowInline = true : VMs can be defined inline in templates
2015-11-08 11:46:36,756 - Velocimacro : allowInlineToOverride = false : VMs defined inline may NOT replace previous VM definitions
2015-11-08 11:46:36,757 - Velocimacro : allowInlineLocal = false : VMs defined inline will be  global in scope if allowed.
2015-11-08 11:46:36,757 - Velocimacro : messages on  : VM system will output logging messages
2015-11-08 11:46:36,757 - Velocimacro : autoload off  : VM system will not automatically reload global library macros
2015-11-08 11:46:36,757 - Velocimacro : initialization complete.
2015-11-08 11:46:36,757 - Velocity successfully started.
2015-11-08 12:17:04,067 - SimpleLog4JLogSystem initialized using logfile 'velocity.log'
2015-11-08 12:17:04,067 - ************************************************************** 
2015-11-08 12:17:04,067 - Starting Jakarta Velocity v1.4
2015-11-08 12:17:04,067 - RuntimeInstance initializing.
2015-11-08 12:17:04,067 - Default Properties File: org\apache\velocity\runtime\defaults\velocity.properties
2015-11-08 12:17:04,067 - Trying to use logger class org.apache.velocity.runtime.log.SimpleLog4JLogSystem
2015-11-08 12:17:04,067 - Using logger class org.apache.velocity.runtime.log.SimpleLog4JLogSystem
2015-11-08 12:17:04,067 - Default ResourceManager initializing. (class org.apache.velocity.runtime.resource.ResourceManagerImpl)
2015-11-08 12:17:04,083 - Resource Loader Instantiated: org.apache.velocity.runtime.resource.loader.ClasspathResourceLoader
2015-11-08 12:17:04,083 - ClasspathResourceLoader : initialization starting.
2015-11-08 12:17:04,083 - ClasspathResourceLoader : initialization complete.
2015-11-08 12:17:04,083 - ResourceCache : initialized. (class org.apache.velocity.runtime.resource.ResourceCacheImpl)
2015-11-08 12:17:04,083 - Default ResourceManager initialization complete.
2015-11-08 12:17:04,083 - Loaded System Directive: org.apache.velocity.runtime.directive.Literal
2015-11-08 12:17:04,083 - Loaded System Directive: org.apache.velocity.runtime.directive.Macro
2015-11-08 12:17:04,083 - Loaded System Directive: org.apache.velocity.runtime.directive.Parse
2015-11-08 12:17:04,083 - Loaded System Directive: org.apache.velocity.runtime.directive.Include
2015-11-08 12:17:04,099 - Loaded System Directive: org.apache.velocity.runtime.directive.Foreach
2015-11-08 12:17:04,114 - Created: 20 parsers.
2015-11-08 12:17:04,130 - Velocimacro : initialization starting.
2015-11-08 12:17:04,130 - Velocimacro : adding VMs from VM library template : VM_global_library.vm
2015-11-08 12:17:04,145 - ResourceManager : unable to find resource 'VM_global_library.vm' in any resource loader.
2015-11-08 12:17:04,145 - Velocimacro : error using  VM library template VM_global_library.vm : org.apache.velocity.exception.ResourceNotFoundException: Unable to find resource 'VM_global_library.vm'
2015-11-08 12:17:04,145 - Velocimacro :  VM library template macro registration complete.
2015-11-08 12:17:04,145 - Velocimacro : allowInline = true : VMs can be defined inline in templates
2015-11-08 12:17:04,145 - Velocimacro : allowInlineToOverride = false : VMs defined inline may NOT replace previous VM definitions
2015-11-08 12:17:04,145 - Velocimacro : allowInlineLocal = false : VMs defined inline will be  global in scope if allowed.
2015-11-08 12:17:04,145 - Velocimacro : messages on  : VM system will output logging messages
2015-11-08 12:17:04,145 - Velocimacro : autoload off  : VM system will not automatically reload global library macros
2015-11-08 12:17:04,145 - Velocimacro : initialization complete.
2015-11-08 12:17:04,145 - Velocity successfully started.
2015-11-08 12:24:36,284 - SimpleLog4JLogSystem initialized using logfile 'velocity.log'
2015-11-08 12:24:36,284 - ************************************************************** 
2015-11-08 12:24:36,284 - Starting Jakarta Velocity v1.4
2015-11-08 12:24:36,284 - RuntimeInstance initializing.
2015-11-08 12:24:36,284 - Default Properties File: org\apache\velocity\runtime\defaults\velocity.properties
2015-11-08 12:24:36,284 - Trying to use logger class org.apache.velocity.runtime.log.SimpleLog4JLogSystem
2015-11-08 12:24:36,284 - Using logger class org.apache.velocity.runtime.log.SimpleLog4JLogSystem
2015-11-08 12:24:36,300 - Default ResourceManager initializing. (class org.apache.velocity.runtime.resource.ResourceManagerImpl)
2015-11-08 12:24:36,300 - Resource Loader Instantiated: org.apache.velocity.runtime.resource.loader.ClasspathResourceLoader
2015-11-08 12:24:36,300 - ClasspathResourceLoader : initialization starting.
2015-11-08 12:24:36,300 - ClasspathResourceLoader : initialization complete.
2015-11-08 12:24:36,300 - ResourceCache : initialized. (class org.apache.velocity.runtime.resource.ResourceCacheImpl)
2015-11-08 12:24:36,300 - Default ResourceManager initialization complete.
2015-11-08 12:24:36,300 - Loaded System Directive: org.apache.velocity.runtime.directive.Literal
2015-11-08 12:24:36,300 - Loaded System Directive: org.apache.velocity.runtime.directive.Macro
2015-11-08 12:24:36,316 - Loaded System Directive: org.apache.velocity.runtime.directive.Parse
2015-11-08 12:24:36,316 - Loaded System Directive: org.apache.velocity.runtime.directive.Include
2015-11-08 12:24:36,316 - Loaded System Directive: org.apache.velocity.runtime.directive.Foreach
2015-11-08 12:24:36,352 - Created: 20 parsers.
2015-11-08 12:24:36,361 - Velocimacro : initialization starting.
2015-11-08 12:24:36,361 - Velocimacro : adding VMs from VM library template : VM_global_library.vm
2015-11-08 12:24:36,377 - ResourceManager : unable to find resource 'VM_global_library.vm' in any resource loader.
2015-11-08 12:24:36,377 - Velocimacro : error using  VM library template VM_global_library.vm : org.apache.velocity.exception.ResourceNotFoundException: Unable to find resource 'VM_global_library.vm'
2015-11-08 12:24:36,377 - Velocimacro :  VM library template macro registration complete.
2015-11-08 12:24:36,377 - Velocimacro : allowInline = true : VMs can be defined inline in templates
2015-11-08 12:24:36,377 - Velocimacro : allowInlineToOverride = false : VMs defined inline may NOT replace previous VM definitions
2015-11-08 12:24:36,377 - Velocimacro : allowInlineLocal = false : VMs defined inline will be  global in scope if allowed.
2015-11-08 12:24:36,377 - Velocimacro : messages on  : VM system will output logging messages
2015-11-08 12:24:36,377 - Velocimacro : autoload off  : VM system will not automatically reload global library macros
2015-11-08 12:24:36,377 - Velocimacro : initialization complete.
2015-11-08 12:24:36,377 - Velocity successfully started.
2015-11-08 12:26:08,014 - SimpleLog4JLogSystem initialized using logfile 'velocity.log'
2015-11-08 12:26:08,014 - ************************************************************** 
2015-11-08 12:26:08,014 - Starting Jakarta Velocity v1.4
2015-11-08 12:26:08,014 - RuntimeInstance initializing.
2015-11-08 12:26:08,014 - Default Properties File: org\apache\velocity\runtime\defaults\velocity.properties
2015-11-08 12:26:08,014 - Trying to use logger class org.apache.velocity.runtime.log.SimpleLog4JLogSystem
2015-11-08 12:26:08,014 - Using logger class org.apache.velocity.runtime.log.SimpleLog4JLogSystem
2015-11-08 12:26:08,029 - Default ResourceManager initializing. (class org.apache.velocity.runtime.resource.ResourceManagerImpl)
2015-11-08 12:26:08,029 - Resource Loader Instantiated: org.apache.velocity.runtime.resource.loader.ClasspathResourceLoader
2015-11-08 12:26:08,029 - ClasspathResourceLoader : initialization starting.
2015-11-08 12:26:08,029 - ClasspathResourceLoader : initialization complete.
2015-11-08 12:26:08,029 - ResourceCache : initialized. (class org.apache.velocity.runtime.resource.ResourceCacheImpl)
2015-11-08 12:26:08,029 - Default ResourceManager initialization complete.
2015-11-08 12:26:08,029 - Loaded System Directive: org.apache.velocity.runtime.directive.Literal
2015-11-08 12:26:08,029 - Loaded System Directive: org.apache.velocity.runtime.directive.Macro
2015-11-08 12:26:08,045 - Loaded System Directive: org.apache.velocity.runtime.directive.Parse
2015-11-08 12:26:08,045 - Loaded System Directive: org.apache.velocity.runtime.directive.Include
2015-11-08 12:26:08,045 - Loaded System Directive: org.apache.velocity.runtime.directive.Foreach
2015-11-08 12:26:08,082 - Created: 20 parsers.
2015-11-08 12:26:08,092 - Velocimacro : initialization starting.
2015-11-08 12:26:08,092 - Velocimacro : adding VMs from VM library template : VM_global_library.vm
2015-11-08 12:26:08,106 - ResourceManager : unable to find resource 'VM_global_library.vm' in any resource loader.
2015-11-08 12:26:08,106 - Velocimacro : error using  VM library template VM_global_library.vm : org.apache.velocity.exception.ResourceNotFoundException: Unable to find resource 'VM_global_library.vm'
2015-11-08 12:26:08,106 - Velocimacro :  VM library template macro registration complete.
2015-11-08 12:26:08,106 - Velocimacro : allowInline = true : VMs can be defined inline in templates
2015-11-08 12:26:08,106 - Velocimacro : allowInlineToOverride = false : VMs defined inline may NOT replace previous VM definitions
2015-11-08 12:26:08,106 - Velocimacro : allowInlineLocal = false : VMs defined inline will be  global in scope if allowed.
2015-11-08 12:26:08,106 - Velocimacro : messages on  : VM system will output logging messages
2015-11-08 12:26:08,106 - Velocimacro : autoload off  : VM system will not automatically reload global library macros
2015-11-08 12:26:08,106 - Velocimacro : initialization complete.
2015-11-08 12:26:08,106 - Velocity successfully started.
2015-11-08 13:01:16,492 - SimpleLog4JLogSystem initialized using logfile 'velocity.log'
2015-11-08 13:01:16,492 - ************************************************************** 
2015-11-08 13:01:16,492 - Starting Jakarta Velocity v1.4
2015-11-08 13:01:16,492 - RuntimeInstance initializing.
2015-11-08 13:01:16,492 - Default Properties File: org\apache\velocity\runtime\defaults\velocity.properties
2015-11-08 13:01:16,492 - Trying to use logger class org.apache.velocity.runtime.log.SimpleLog4JLogSystem
2015-11-08 13:01:16,492 - Using logger class org.apache.velocity.runtime.log.SimpleLog4JLogSystem
2015-11-08 13:01:16,492 - Default ResourceManager initializing. (class org.apache.velocity.runtime.resource.ResourceManagerImpl)
2015-11-08 13:01:16,507 - Resource Loader Instantiated: org.apache.velocity.runtime.resource.loader.ClasspathResourceLoader
2015-11-08 13:01:16,507 - ClasspathResourceLoader : initialization starting.
2015-11-08 13:01:16,507 - ClasspathResourceLoader : initialization complete.
2015-11-08 13:01:16,507 - ResourceCache : initialized. (class org.apache.velocity.runtime.resource.ResourceCacheImpl)
2015-11-08 13:01:16,507 - Default ResourceManager initialization complete.
2015-11-08 13:01:16,507 - Loaded System Directive: org.apache.velocity.runtime.directive.Literal
2015-11-08 13:01:16,507 - Loaded System Directive: org.apache.velocity.runtime.directive.Macro
2015-11-08 13:01:16,507 - Loaded System Directive: org.apache.velocity.runtime.directive.Parse
2015-11-08 13:01:16,507 - Loaded System Directive: org.apache.velocity.runtime.directive.Include
2015-11-08 13:01:16,507 - Loaded System Directive: org.apache.velocity.runtime.directive.Foreach
2015-11-08 13:01:16,539 - Created: 20 parsers.
2015-11-08 13:01:16,554 - Velocimacro : initialization starting.
2015-11-08 13:01:16,554 - Velocimacro : adding VMs from VM library template : VM_global_library.vm
2015-11-08 13:01:16,570 - ResourceManager : unable to find resource 'VM_global_library.vm' in any resource loader.
2015-11-08 13:01:16,570 - Velocimacro : error using  VM library template VM_global_library.vm : org.apache.velocity.exception.ResourceNotFoundException: Unable to find resource 'VM_global_library.vm'
2015-11-08 13:01:16,570 - Velocimacro :  VM library template macro registration complete.
2015-11-08 13:01:16,570 - Velocimacro : allowInline = true : VMs can be defined inline in templates
2015-11-08 13:01:16,570 - Velocimacro : allowInlineToOverride = false : VMs defined inline may NOT replace previous VM definitions
2015-11-08 13:01:16,570 - Velocimacro : allowInlineLocal = false : VMs defined inline will be  global in scope if allowed.
2015-11-08 13:01:16,570 - Velocimacro : messages on  : VM system will output logging messages
2015-11-08 13:01:16,570 - Velocimacro : autoload off  : VM system will not automatically reload global library macros
2015-11-08 13:01:16,570 - Velocimacro : initialization complete.
2015-11-08 13:01:16,570 - Velocity successfully started.
2015-11-08 13:02:00,272 - ResourceManager : found repast/simphony/parameter/parameters.vt with loader org.apache.velocity.runtime.resource.loader.ClasspathResourceLoader
2015-11-08 13:02:22,403 - ResourceManager : found repast/simphony/parameter/parameters.vt with loader org.apache.velocity.runtime.resource.loader.ClasspathResourceLoader
2015-11-08 13:02:36,232 - ResourceManager : found repast/simphony/parameter/parameters.vt with loader org.apache.velocity.runtime.resource.loader.ClasspathResourceLoader
2015-11-08 14:04:25,135 - SimpleLog4JLogSystem initialized using logfile 'velocity.log'
2015-11-08 14:04:25,135 - ************************************************************** 
2015-11-08 14:04:25,136 - Starting Jakarta Velocity v1.4
2015-11-08 14:04:25,136 - RuntimeInstance initializing.
2015-11-08 14:04:25,136 - Default Properties File: org\apache\velocity\runtime\defaults\velocity.properties
2015-11-08 14:04:25,136 - Trying to use logger class org.apache.velocity.runtime.log.SimpleLog4JLogSystem
2015-11-08 14:04:25,136 - Using logger class org.apache.velocity.runtime.log.SimpleLog4JLogSystem
2015-11-08 14:04:25,140 - Default ResourceManager initializing. (class org.apache.velocity.runtime.resource.ResourceManagerImpl)
2015-11-08 14:04:25,143 - Resource Loader Instantiated: org.apache.velocity.runtime.resource.loader.ClasspathResourceLoader
2015-11-08 14:04:25,143 - ClasspathResourceLoader : initialization starting.
2015-11-08 14:04:25,143 - ClasspathResourceLoader : initialization complete.
2015-11-08 14:04:25,145 - ResourceCache : initialized. (class org.apache.velocity.runtime.resource.ResourceCacheImpl)
2015-11-08 14:04:25,145 - Default ResourceManager initialization complete.
2015-11-08 14:04:25,149 - Loaded System Directive: org.apache.velocity.runtime.directive.Literal
2015-11-08 14:04:25,151 - Loaded System Directive: org.apache.velocity.runtime.directive.Macro
2015-11-08 14:04:25,154 - Loaded System Directive: org.apache.velocity.runtime.directive.Parse
2015-11-08 14:04:25,157 - Loaded System Directive: org.apache.velocity.runtime.directive.Include
2015-11-08 14:04:25,158 - Loaded System Directive: org.apache.velocity.runtime.directive.Foreach
2015-11-08 14:04:25,190 - Created: 20 parsers.
2015-11-08 14:04:25,199 - Velocimacro : initialization starting.
2015-11-08 14:04:25,199 - Velocimacro : adding VMs from VM library template : VM_global_library.vm
2015-11-08 14:04:25,220 - ResourceManager : unable to find resource 'VM_global_library.vm' in any resource loader.
2015-11-08 14:04:25,220 - Velocimacro : error using  VM library template VM_global_library.vm : org.apache.velocity.exception.ResourceNotFoundException: Unable to find resource 'VM_global_library.vm'
2015-11-08 14:04:25,220 - Velocimacro :  VM library template macro registration complete.
2015-11-08 14:04:25,220 - Velocimacro : allowInline = true : VMs can be defined inline in templates
2015-11-08 14:04:25,220 - Velocimacro : allowInlineToOverride = false : VMs defined inline may NOT replace previous VM definitions
2015-11-08 14:04:25,220 - Velocimacro : allowInlineLocal = false : VMs defined inline will be  global in scope if allowed.
2015-11-08 14:04:25,220 - Velocimacro : messages on  : VM system will output logging messages
2015-11-08 14:04:25,220 - Velocimacro : autoload off  : VM system will not automatically reload global library macros
2015-11-08 14:04:25,220 - Velocimacro : initialization complete.
2015-11-08 14:04:25,220 - Velocity successfully started.
2015-11-08 14:05:41,850 - SimpleLog4JLogSystem initialized using logfile 'velocity.log'
2015-11-08 14:05:41,851 - ************************************************************** 
2015-11-08 14:05:41,851 - Starting Jakarta Velocity v1.4
2015-11-08 14:05:41,851 - RuntimeInstance initializing.
2015-11-08 14:05:41,851 - Default Properties File: org\apache\velocity\runtime\defaults\velocity.properties
2015-11-08 14:05:41,851 - Trying to use logger class org.apache.velocity.runtime.log.SimpleLog4JLogSystem
2015-11-08 14:05:41,851 - Using logger class org.apache.velocity.runtime.log.SimpleLog4JLogSystem
2015-11-08 14:05:41,855 - Default ResourceManager initializing. (class org.apache.velocity.runtime.resource.ResourceManagerImpl)
2015-11-08 14:05:41,858 - Resource Loader Instantiated: org.apache.velocity.runtime.resource.loader.ClasspathResourceLoader
2015-11-08 14:05:41,858 - ClasspathResourceLoader : initialization starting.
2015-11-08 14:05:41,858 - ClasspathResourceLoader : initialization complete.
2015-11-08 14:05:41,861 - ResourceCache : initialized. (class org.apache.velocity.runtime.resource.ResourceCacheImpl)
2015-11-08 14:05:41,861 - Default ResourceManager initialization complete.
2015-11-08 14:05:41,867 - Loaded System Directive: org.apache.velocity.runtime.directive.Literal
2015-11-08 14:05:41,870 - Loaded System Directive: org.apache.velocity.runtime.directive.Macro
2015-11-08 14:05:41,873 - Loaded System Directive: org.apache.velocity.runtime.directive.Parse
2015-11-08 14:05:41,875 - Loaded System Directive: org.apache.velocity.runtime.directive.Include
2015-11-08 14:05:41,877 - Loaded System Directive: org.apache.velocity.runtime.directive.Foreach
2015-11-08 14:05:41,907 - Created: 20 parsers.
2015-11-08 14:05:41,915 - Velocimacro : initialization starting.
2015-11-08 14:05:41,916 - Velocimacro : adding VMs from VM library template : VM_global_library.vm
2015-11-08 14:05:41,935 - ResourceManager : unable to find resource 'VM_global_library.vm' in any resource loader.
2015-11-08 14:05:41,935 - Velocimacro : error using  VM library template VM_global_library.vm : org.apache.velocity.exception.ResourceNotFoundException: Unable to find resource 'VM_global_library.vm'
2015-11-08 14:05:41,935 - Velocimacro :  VM library template macro registration complete.
2015-11-08 14:05:41,935 - Velocimacro : allowInline = true : VMs can be defined inline in templates
2015-11-08 14:05:41,935 - Velocimacro : allowInlineToOverride = false : VMs defined inline may NOT replace previous VM definitions
2015-11-08 14:05:41,935 - Velocimacro : allowInlineLocal = false : VMs defined inline will be  global in scope if allowed.
2015-11-08 14:05:41,935 - Velocimacro : messages on  : VM system will output logging messages
2015-11-08 14:05:41,935 - Velocimacro : autoload off  : VM system will not automatically reload global library macros
2015-11-08 14:05:41,935 - Velocimacro : initialization complete.
2015-11-08 14:05:41,935 - Velocity successfully started.
2015-11-08 14:11:06,159 - SimpleLog4JLogSystem initialized using logfile 'velocity.log'
2015-11-08 14:11:06,159 - ************************************************************** 
2015-11-08 14:11:06,159 - Starting Jakarta Velocity v1.4
2015-11-08 14:11:06,159 - RuntimeInstance initializing.
2015-11-08 14:11:06,159 - Default Properties File: org\apache\velocity\runtime\defaults\velocity.properties
2015-11-08 14:11:06,159 - Trying to use logger class org.apache.velocity.runtime.log.SimpleLog4JLogSystem
2015-11-08 14:11:06,159 - Using logger class org.apache.velocity.runtime.log.SimpleLog4JLogSystem
2015-11-08 14:11:06,164 - Default ResourceManager initializing. (class org.apache.velocity.runtime.resource.ResourceManagerImpl)
2015-11-08 14:11:06,168 - Resource Loader Instantiated: org.apache.velocity.runtime.resource.loader.ClasspathResourceLoader
2015-11-08 14:11:06,168 - ClasspathResourceLoader : initialization starting.
2015-11-08 14:11:06,168 - ClasspathResourceLoader : initialization complete.
2015-11-08 14:11:06,170 - ResourceCache : initialized. (class org.apache.velocity.runtime.resource.ResourceCacheImpl)
2015-11-08 14:11:06,170 - Default ResourceManager initialization complete.
2015-11-08 14:11:06,175 - Loaded System Directive: org.apache.velocity.runtime.directive.Literal
2015-11-08 14:11:06,177 - Loaded System Directive: org.apache.velocity.runtime.directive.Macro
2015-11-08 14:11:06,180 - Loaded System Directive: org.apache.velocity.runtime.directive.Parse
2015-11-08 14:11:06,182 - Loaded System Directive: org.apache.velocity.runtime.directive.Include
2015-11-08 14:11:06,183 - Loaded System Directive: org.apache.velocity.runtime.directive.Foreach
2015-11-08 14:11:06,217 - Created: 20 parsers.
2015-11-08 14:11:06,227 - Velocimacro : initialization starting.
2015-11-08 14:11:06,227 - Velocimacro : adding VMs from VM library template : VM_global_library.vm
2015-11-08 14:11:06,246 - ResourceManager : unable to find resource 'VM_global_library.vm' in any resource loader.
2015-11-08 14:11:06,246 - Velocimacro : error using  VM library template VM_global_library.vm : org.apache.velocity.exception.ResourceNotFoundException: Unable to find resource 'VM_global_library.vm'
2015-11-08 14:11:06,247 - Velocimacro :  VM library template macro registration complete.
2015-11-08 14:11:06,247 - Velocimacro : allowInline = true : VMs can be defined inline in templates
2015-11-08 14:11:06,247 - Velocimacro : allowInlineToOverride = false : VMs defined inline may NOT replace previous VM definitions
2015-11-08 14:11:06,247 - Velocimacro : allowInlineLocal = false : VMs defined inline will be  global in scope if allowed.
2015-11-08 14:11:06,247 - Velocimacro : messages on  : VM system will output logging messages
2015-11-08 14:11:06,247 - Velocimacro : autoload off  : VM system will not automatically reload global library macros
2015-11-08 14:11:06,247 - Velocimacro : initialization complete.
2015-11-08 14:11:06,247 - Velocity successfully started.
2015-11-08 14:11:39,648 - SimpleLog4JLogSystem initialized using logfile 'velocity.log'
2015-11-08 14:11:39,648 - ************************************************************** 
2015-11-08 14:11:39,648 - Starting Jakarta Velocity v1.4
2015-11-08 14:11:39,649 - RuntimeInstance initializing.
2015-11-08 14:11:39,649 - Default Properties File: org\apache\velocity\runtime\defaults\velocity.properties
2015-11-08 14:11:39,649 - Trying to use logger class org.apache.velocity.runtime.log.SimpleLog4JLogSystem
2015-11-08 14:11:39,649 - Using logger class org.apache.velocity.runtime.log.SimpleLog4JLogSystem
2015-11-08 14:11:39,657 - Default ResourceManager initializing. (class org.apache.velocity.runtime.resource.ResourceManagerImpl)
2015-11-08 14:11:39,661 - Resource Loader Instantiated: org.apache.velocity.runtime.resource.loader.ClasspathResourceLoader
2015-11-08 14:11:39,661 - ClasspathResourceLoader : initialization starting.
2015-11-08 14:11:39,661 - ClasspathResourceLoader : initialization complete.
2015-11-08 14:11:39,665 - ResourceCache : initialized. (class org.apache.velocity.runtime.resource.ResourceCacheImpl)
2015-11-08 14:11:39,665 - Default ResourceManager initialization complete.
2015-11-08 14:11:39,671 - Loaded System Directive: org.apache.velocity.runtime.directive.Literal
2015-11-08 14:11:39,675 - Loaded System Directive: org.apache.velocity.runtime.directive.Macro
2015-11-08 14:11:39,679 - Loaded System Directive: org.apache.velocity.runtime.directive.Parse
2015-11-08 14:11:39,681 - Loaded System Directive: org.apache.velocity.runtime.directive.Include
2015-11-08 14:11:39,683 - Loaded System Directive: org.apache.velocity.runtime.directive.Foreach
2015-11-08 14:11:39,720 - Created: 20 parsers.
2015-11-08 14:11:39,735 - Velocimacro : initialization starting.
2015-11-08 14:11:39,735 - Velocimacro : adding VMs from VM library template : VM_global_library.vm
2015-11-08 14:11:39,759 - ResourceManager : unable to find resource 'VM_global_library.vm' in any resource loader.
2015-11-08 14:11:39,759 - Velocimacro : error using  VM library template VM_global_library.vm : org.apache.velocity.exception.ResourceNotFoundException: Unable to find resource 'VM_global_library.vm'
2015-11-08 14:11:39,759 - Velocimacro :  VM library template macro registration complete.
2015-11-08 14:11:39,759 - Velocimacro : allowInline = true : VMs can be defined inline in templates
2015-11-08 14:11:39,759 - Velocimacro : allowInlineToOverride = false : VMs defined inline may NOT replace previous VM definitions
2015-11-08 14:11:39,760 - Velocimacro : allowInlineLocal = false : VMs defined inline will be  global in scope if allowed.
2015-11-08 14:11:39,760 - Velocimacro : messages on  : VM system will output logging messages
2015-11-08 14:11:39,760 - Velocimacro : autoload off  : VM system will not automatically reload global library macros
2015-11-08 14:11:39,760 - Velocimacro : initialization complete.
2015-11-08 14:11:39,760 - Velocity successfully started.
2015-11-08 14:13:30,292 - SimpleLog4JLogSystem initialized using logfile 'velocity.log'
2015-11-08 14:13:30,292 - ************************************************************** 
2015-11-08 14:13:30,292 - Starting Jakarta Velocity v1.4
2015-11-08 14:13:30,292 - RuntimeInstance initializing.
2015-11-08 14:13:30,292 - Default Properties File: org\apache\velocity\runtime\defaults\velocity.properties
2015-11-08 14:13:30,292 - Trying to use logger class org.apache.velocity.runtime.log.SimpleLog4JLogSystem
2015-11-08 14:13:30,292 - Using logger class org.apache.velocity.runtime.log.SimpleLog4JLogSystem
2015-11-08 14:13:30,296 - Default ResourceManager initializing. (class org.apache.velocity.runtime.resource.ResourceManagerImpl)
2015-11-08 14:13:30,299 - Resource Loader Instantiated: org.apache.velocity.runtime.resource.loader.ClasspathResourceLoader
2015-11-08 14:13:30,299 - ClasspathResourceLoader : initialization starting.
2015-11-08 14:13:30,299 - ClasspathResourceLoader : initialization complete.
2015-11-08 14:13:30,304 - ResourceCache : initialized. (class org.apache.velocity.runtime.resource.ResourceCacheImpl)
2015-11-08 14:13:30,304 - Default ResourceManager initialization complete.
2015-11-08 14:13:30,309 - Loaded System Directive: org.apache.velocity.runtime.directive.Literal
2015-11-08 14:13:30,311 - Loaded System Directive: org.apache.velocity.runtime.directive.Macro
2015-11-08 14:13:30,314 - Loaded System Directive: org.apache.velocity.runtime.directive.Parse
2015-11-08 14:13:30,316 - Loaded System Directive: org.apache.velocity.runtime.directive.Include
2015-11-08 14:13:30,317 - Loaded System Directive: org.apache.velocity.runtime.directive.Foreach
2015-11-08 14:13:30,349 - Created: 20 parsers.
2015-11-08 14:13:30,358 - Velocimacro : initialization starting.
2015-11-08 14:13:30,358 - Velocimacro : adding VMs from VM library template : VM_global_library.vm
2015-11-08 14:13:30,378 - ResourceManager : unable to find resource 'VM_global_library.vm' in any resource loader.
2015-11-08 14:13:30,378 - Velocimacro : error using  VM library template VM_global_library.vm : org.apache.velocity.exception.ResourceNotFoundException: Unable to find resource 'VM_global_library.vm'
2015-11-08 14:13:30,378 - Velocimacro :  VM library template macro registration complete.
2015-11-08 14:13:30,378 - Velocimacro : allowInline = true : VMs can be defined inline in templates
2015-11-08 14:13:30,378 - Velocimacro : allowInlineToOverride = false : VMs defined inline may NOT replace previous VM definitions
2015-11-08 14:13:30,378 - Velocimacro : allowInlineLocal = false : VMs defined inline will be  global in scope if allowed.
2015-11-08 14:13:30,378 - Velocimacro : messages on  : VM system will output logging messages
2015-11-08 14:13:30,378 - Velocimacro : autoload off  : VM system will not automatically reload global library macros
2015-11-08 14:13:30,378 - Velocimacro : initialization complete.
2015-11-08 14:13:30,378 - Velocity successfully started.
